mode: atomic
github.com/fulgidus/libreseed/seeder/internal/cli/root.go:32.67,36.17 3 0
github.com/fulgidus/libreseed/seeder/internal/cli/root.go:36.17,38.4 1 0
github.com/fulgidus/libreseed/seeder/internal/cli/root.go:40.3,40.13 1 0
github.com/fulgidus/libreseed/seeder/internal/cli/root.go:42.61,43.20 1 0
github.com/fulgidus/libreseed/seeder/internal/cli/root.go:43.20,45.4 1 0
github.com/fulgidus/libreseed/seeder/internal/cli/root.go:51.22,53.2 1 0
github.com/fulgidus/libreseed/seeder/internal/cli/root.go:55.13,66.2 6 0
github.com/fulgidus/libreseed/seeder/internal/cli/root.go:69.19,70.19 1 0
github.com/fulgidus/libreseed/seeder/internal/cli/root.go:70.19,73.3 1 0
github.com/fulgidus/libreseed/seeder/internal/cli/root.go:73.8,79.3 4 0
github.com/fulgidus/libreseed/seeder/internal/cli/root.go:82.2,87.16 4 0
github.com/fulgidus/libreseed/seeder/internal/cli/root.go:87.16,90.3 1 0
github.com/fulgidus/libreseed/seeder/internal/cli/root.go:93.2,93.16 1 0
github.com/fulgidus/libreseed/seeder/internal/cli/root.go:93.16,95.35 1 0
github.com/fulgidus/libreseed/seeder/internal/cli/root.go:95.35,97.4 1 0
github.com/fulgidus/libreseed/seeder/internal/cli/start.go:32.13,45.2 7 0
github.com/fulgidus/libreseed/seeder/internal/cli/start.go:47.56,50.16 2 0
github.com/fulgidus/libreseed/seeder/internal/cli/start.go:50.16,52.3 1 0
github.com/fulgidus/libreseed/seeder/internal/cli/start.go:54.2,61.39 2 0
github.com/fulgidus/libreseed/seeder/internal/cli/start.go:61.39,63.3 1 0
github.com/fulgidus/libreseed/seeder/internal/cli/start.go:66.2,88.9 8 0
github.com/fulgidus/libreseed/seeder/internal/cli/start.go:89.22,90.78 1 0
github.com/fulgidus/libreseed/seeder/internal/cli/start.go:91.20,92.35 1 0
github.com/fulgidus/libreseed/seeder/internal/cli/start.go:96.2,104.12 3 0
github.com/fulgidus/libreseed/seeder/internal/cli/version.go:22.47,29.3 6 0
github.com/fulgidus/libreseed/seeder/internal/cli/version.go:32.13,34.2 1 0
github.com/fulgidus/libreseed/seeder/internal/config/config.go:70.30,108.2 1 4
github.com/fulgidus/libreseed/seeder/internal/config/config.go:111.35,113.53 1 6
github.com/fulgidus/libreseed/seeder/internal/config/config.go:113.53,115.3 1 2
github.com/fulgidus/libreseed/seeder/internal/config/config.go:118.2,120.39 3 4
github.com/fulgidus/libreseed/seeder/internal/config/config.go:120.39,121.27 1 10
github.com/fulgidus/libreseed/seeder/internal/config/config.go:121.27,123.9 2 3
github.com/fulgidus/libreseed/seeder/internal/config/config.go:126.2,126.17 1 4
github.com/fulgidus/libreseed/seeder/internal/config/config.go:126.17,128.3 1 1
github.com/fulgidus/libreseed/seeder/internal/config/config.go:131.2,131.57 1 3
github.com/fulgidus/libreseed/seeder/internal/config/config.go:131.57,133.3 1 1
github.com/fulgidus/libreseed/seeder/internal/config/config.go:136.2,136.29 1 2
github.com/fulgidus/libreseed/seeder/internal/config/config.go:136.29,138.3 1 1
github.com/fulgidus/libreseed/seeder/internal/config/config.go:141.2,141.62 1 1
github.com/fulgidus/libreseed/seeder/internal/config/config.go:141.62,142.62 1 0
github.com/fulgidus/libreseed/seeder/internal/config/config.go:142.62,144.4 1 0
github.com/fulgidus/libreseed/seeder/internal/config/config.go:147.2,147.12 1 1
github.com/fulgidus/libreseed/seeder/internal/config/config.go:151.36,189.45 20 2
github.com/fulgidus/libreseed/seeder/internal/config/config.go:189.45,192.91 1 1
github.com/fulgidus/libreseed/seeder/internal/config/config.go:192.91,195.4 1 0
github.com/fulgidus/libreseed/seeder/internal/config/config.go:200.2,201.45 2 2
github.com/fulgidus/libreseed/seeder/internal/config/config.go:201.45,203.3 1 0
github.com/fulgidus/libreseed/seeder/internal/config/config.go:205.2,205.17 1 2
github.com/fulgidus/libreseed/seeder/internal/logging/logger.go:12.59,15.62 2 14
github.com/fulgidus/libreseed/seeder/internal/logging/logger.go:15.62,17.3 1 1
github.com/fulgidus/libreseed/seeder/internal/logging/logger.go:20.2,21.33 2 13
github.com/fulgidus/libreseed/seeder/internal/logging/logger.go:22.14,23.34 1 9
github.com/fulgidus/libreseed/seeder/internal/logging/logger.go:24.17,26.67 2 3
github.com/fulgidus/libreseed/seeder/internal/logging/logger.go:27.10,28.87 1 1
github.com/fulgidus/libreseed/seeder/internal/logging/logger.go:32.2,36.16 3 12
github.com/fulgidus/libreseed/seeder/internal/logging/logger.go:36.16,38.3 1 0
github.com/fulgidus/libreseed/seeder/internal/logging/logger.go:40.2,40.20 1 12
