mode: set
github.com/fulgidus/libreseed/seeder/internal/dht/keys.go:45.44,48.2 2 0
github.com/fulgidus/libreseed/seeder/internal/dht/keys.go:61.36,64.2 2 0
github.com/fulgidus/libreseed/seeder/internal/dht/keys.go:77.37,81.2 3 0
github.com/fulgidus/libreseed/seeder/internal/dht/keys.go:94.37,97.2 2 0
github.com/fulgidus/libreseed/seeder/internal/dht/keys.go:106.48,109.2 2 0
github.com/fulgidus/libreseed/seeder/internal/dht/keys.go:113.34,118.2 4 0
github.com/fulgidus/libreseed/seeder/internal/dht/keys.go:121.29,123.2 1 0
github.com/fulgidus/libreseed/seeder/internal/dht/keys.go:126.30,129.22 3 0
github.com/fulgidus/libreseed/seeder/internal/dht/keys.go:129.22,132.3 2 0
github.com/fulgidus/libreseed/seeder/internal/dht/keys.go:133.2,133.23 1 0
github.com/fulgidus/libreseed/seeder/internal/dht/types.go:104.51,105.11 1 1
github.com/fulgidus/libreseed/seeder/internal/dht/types.go:106.23,107.22 1 1
github.com/fulgidus/libreseed/seeder/internal/dht/types.go:108.27,109.26 1 1
github.com/fulgidus/libreseed/seeder/internal/dht/types.go:110.23,111.22 1 1
github.com/fulgidus/libreseed/seeder/internal/dht/types.go:112.25,113.24 1 1
github.com/fulgidus/libreseed/seeder/internal/dht/types.go:114.10,115.44 1 1
github.com/fulgidus/libreseed/seeder/internal/dht/types.go:150.44,151.22 1 1
github.com/fulgidus/libreseed/seeder/internal/dht/types.go:151.22,153.3 1 1
github.com/fulgidus/libreseed/seeder/internal/dht/types.go:154.2,154.35 1 1
github.com/fulgidus/libreseed/seeder/internal/dht/types.go:154.35,156.3 1 1
github.com/fulgidus/libreseed/seeder/internal/dht/types.go:157.2,157.18 1 1
github.com/fulgidus/libreseed/seeder/internal/dht/types.go:157.18,159.3 1 1
github.com/fulgidus/libreseed/seeder/internal/dht/types.go:160.2,160.40 1 1
github.com/fulgidus/libreseed/seeder/internal/dht/types.go:160.40,162.3 1 1
github.com/fulgidus/libreseed/seeder/internal/dht/types.go:163.2,163.21 1 1
github.com/fulgidus/libreseed/seeder/internal/dht/types.go:163.21,165.3 1 1
github.com/fulgidus/libreseed/seeder/internal/dht/types.go:166.2,166.39 1 1
github.com/fulgidus/libreseed/seeder/internal/dht/types.go:166.39,168.3 1 1
github.com/fulgidus/libreseed/seeder/internal/dht/types.go:169.2,169.41 1 1
github.com/fulgidus/libreseed/seeder/internal/dht/types.go:169.41,171.3 1 1
github.com/fulgidus/libreseed/seeder/internal/dht/types.go:172.2,172.22 1 1
github.com/fulgidus/libreseed/seeder/internal/dht/types.go:172.22,174.3 1 1
github.com/fulgidus/libreseed/seeder/internal/dht/types.go:175.2,175.76 1 1
github.com/fulgidus/libreseed/seeder/internal/dht/types.go:175.76,177.3 1 1
github.com/fulgidus/libreseed/seeder/internal/dht/types.go:178.2,178.20 1 1
github.com/fulgidus/libreseed/seeder/internal/dht/types.go:178.20,180.3 1 1
github.com/fulgidus/libreseed/seeder/internal/dht/types.go:181.2,181.23 1 1
github.com/fulgidus/libreseed/seeder/internal/dht/types.go:181.23,183.3 1 1
github.com/fulgidus/libreseed/seeder/internal/dht/types.go:184.2,184.22 1 1
github.com/fulgidus/libreseed/seeder/internal/dht/types.go:184.22,186.3 1 1
github.com/fulgidus/libreseed/seeder/internal/dht/types.go:187.2,187.12 1 1
github.com/fulgidus/libreseed/seeder/internal/dht/types.go:192.57,210.2 2 1
github.com/fulgidus/libreseed/seeder/internal/dht/types.go:213.61,216.2 2 1
github.com/fulgidus/libreseed/seeder/internal/dht/types.go:237.43,238.20 1 1
github.com/fulgidus/libreseed/seeder/internal/dht/types.go:238.20,240.3 1 1
github.com/fulgidus/libreseed/seeder/internal/dht/types.go:241.2,241.27 1 1
github.com/fulgidus/libreseed/seeder/internal/dht/types.go:241.27,243.3 1 1
github.com/fulgidus/libreseed/seeder/internal/dht/types.go:244.2,244.47 1 1
github.com/fulgidus/libreseed/seeder/internal/dht/types.go:244.47,246.3 1 1
github.com/fulgidus/libreseed/seeder/internal/dht/types.go:247.2,247.22 1 1
github.com/fulgidus/libreseed/seeder/internal/dht/types.go:247.22,249.3 1 1
github.com/fulgidus/libreseed/seeder/internal/dht/types.go:250.2,250.23 1 1
github.com/fulgidus/libreseed/seeder/internal/dht/types.go:250.23,252.3 1 1
github.com/fulgidus/libreseed/seeder/internal/dht/types.go:253.2,253.12 1 1
github.com/fulgidus/libreseed/seeder/internal/dht/types.go:258.84,271.2 2 0
github.com/fulgidus/libreseed/seeder/internal/dht/types.go:296.38,297.22 1 1
github.com/fulgidus/libreseed/seeder/internal/dht/types.go:297.22,299.3 1 0
github.com/fulgidus/libreseed/seeder/internal/dht/types.go:300.2,300.35 1 1
github.com/fulgidus/libreseed/seeder/internal/dht/types.go:300.35,302.3 1 0
github.com/fulgidus/libreseed/seeder/internal/dht/types.go:303.2,303.26 1 1
github.com/fulgidus/libreseed/seeder/internal/dht/types.go:303.26,305.3 1 1
github.com/fulgidus/libreseed/seeder/internal/dht/types.go:306.2,306.18 1 1
github.com/fulgidus/libreseed/seeder/internal/dht/types.go:306.18,308.3 1 1
github.com/fulgidus/libreseed/seeder/internal/dht/types.go:309.2,309.40 1 1
github.com/fulgidus/libreseed/seeder/internal/dht/types.go:309.40,311.3 1 0
github.com/fulgidus/libreseed/seeder/internal/dht/types.go:312.2,312.28 1 1
github.com/fulgidus/libreseed/seeder/internal/dht/types.go:312.28,314.3 1 1
github.com/fulgidus/libreseed/seeder/internal/dht/types.go:315.2,315.35 1 1
github.com/fulgidus/libreseed/seeder/internal/dht/types.go:315.35,316.40 1 1
github.com/fulgidus/libreseed/seeder/internal/dht/types.go:316.40,318.4 1 0
github.com/fulgidus/libreseed/seeder/internal/dht/types.go:320.2,320.22 1 1
github.com/fulgidus/libreseed/seeder/internal/dht/types.go:320.22,322.3 1 1
github.com/fulgidus/libreseed/seeder/internal/dht/types.go:323.2,323.12 1 1
github.com/fulgidus/libreseed/seeder/internal/dht/types.go:327.55,330.2 2 0
github.com/fulgidus/libreseed/seeder/internal/dht/types.go:334.66,335.30 1 1
github.com/fulgidus/libreseed/seeder/internal/dht/types.go:335.30,336.39 1 1
github.com/fulgidus/libreseed/seeder/internal/dht/types.go:336.39,338.4 1 1
github.com/fulgidus/libreseed/seeder/internal/dht/types.go:340.2,340.12 1 1
github.com/fulgidus/libreseed/seeder/internal/dht/types.go:358.44,359.21 1 1
github.com/fulgidus/libreseed/seeder/internal/dht/types.go:359.21,361.3 1 1
github.com/fulgidus/libreseed/seeder/internal/dht/types.go:362.2,362.41 1 1
github.com/fulgidus/libreseed/seeder/internal/dht/types.go:362.41,364.3 1 1
github.com/fulgidus/libreseed/seeder/internal/dht/types.go:365.2,365.25 1 1
github.com/fulgidus/libreseed/seeder/internal/dht/types.go:365.25,367.3 1 1
github.com/fulgidus/libreseed/seeder/internal/dht/types.go:368.2,368.22 1 1
github.com/fulgidus/libreseed/seeder/internal/dht/types.go:368.22,370.3 1 0
github.com/fulgidus/libreseed/seeder/internal/dht/types.go:371.2,371.12 1 1
github.com/fulgidus/libreseed/seeder/internal/dht/types.go:375.61,378.2 2 0
github.com/fulgidus/libreseed/seeder/internal/dht/types.go:394.44,395.18 1 1
github.com/fulgidus/libreseed/seeder/internal/dht/types.go:395.18,397.3 1 1
github.com/fulgidus/libreseed/seeder/internal/dht/types.go:398.2,398.40 1 1
github.com/fulgidus/libreseed/seeder/internal/dht/types.go:398.40,400.3 1 0
github.com/fulgidus/libreseed/seeder/internal/dht/types.go:401.2,401.27 1 1
github.com/fulgidus/libreseed/seeder/internal/dht/types.go:401.27,403.3 1 0
github.com/fulgidus/libreseed/seeder/internal/dht/types.go:404.2,404.47 1 1
github.com/fulgidus/libreseed/seeder/internal/dht/types.go:404.47,406.3 1 0
github.com/fulgidus/libreseed/seeder/internal/dht/types.go:407.2,407.26 1 1
github.com/fulgidus/libreseed/seeder/internal/dht/types.go:407.26,409.3 1 1
github.com/fulgidus/libreseed/seeder/internal/dht/types.go:410.2,410.33 1 1
github.com/fulgidus/libreseed/seeder/internal/dht/types.go:410.33,411.40 1 1
github.com/fulgidus/libreseed/seeder/internal/dht/types.go:411.40,413.4 1 0
github.com/fulgidus/libreseed/seeder/internal/dht/types.go:415.2,415.12 1 1
github.com/fulgidus/libreseed/seeder/internal/dht/types.go:419.72,420.28 1 1
github.com/fulgidus/libreseed/seeder/internal/dht/types.go:420.28,421.39 1 1
github.com/fulgidus/libreseed/seeder/internal/dht/types.go:421.39,423.4 1 1
github.com/fulgidus/libreseed/seeder/internal/dht/types.go:425.2,425.12 1 1
github.com/fulgidus/libreseed/seeder/internal/dht/types.go:454.37,455.22 1 1
github.com/fulgidus/libreseed/seeder/internal/dht/types.go:455.22,457.3 1 0
github.com/fulgidus/libreseed/seeder/internal/dht/types.go:458.2,458.35 1 1
github.com/fulgidus/libreseed/seeder/internal/dht/types.go:458.35,460.3 1 0
github.com/fulgidus/libreseed/seeder/internal/dht/types.go:461.2,461.29 1 1
github.com/fulgidus/libreseed/seeder/internal/dht/types.go:461.29,463.3 1 1
github.com/fulgidus/libreseed/seeder/internal/dht/types.go:464.2,464.20 1 1
github.com/fulgidus/libreseed/seeder/internal/dht/types.go:464.20,466.3 1 1
github.com/fulgidus/libreseed/seeder/internal/dht/types.go:467.2,467.22 1 1
github.com/fulgidus/libreseed/seeder/internal/dht/types.go:467.22,469.3 1 1
github.com/fulgidus/libreseed/seeder/internal/dht/types.go:470.2,470.26 1 1
github.com/fulgidus/libreseed/seeder/internal/dht/types.go:470.26,472.3 1 1
github.com/fulgidus/libreseed/seeder/internal/dht/types.go:473.2,473.33 1 1
github.com/fulgidus/libreseed/seeder/internal/dht/types.go:473.33,474.40 1 1
github.com/fulgidus/libreseed/seeder/internal/dht/types.go:474.40,476.4 1 0
github.com/fulgidus/libreseed/seeder/internal/dht/types.go:478.2,478.23 1 1
github.com/fulgidus/libreseed/seeder/internal/dht/types.go:478.23,480.3 1 1
github.com/fulgidus/libreseed/seeder/internal/dht/types.go:481.2,481.12 1 1
github.com/fulgidus/libreseed/seeder/internal/dht/types.go:486.50,502.2 2 0
github.com/fulgidus/libreseed/seeder/internal/dht/types.go:505.54,508.2 2 0
github.com/fulgidus/libreseed/seeder/internal/dht/types.go:511.62,512.28 1 1
github.com/fulgidus/libreseed/seeder/internal/dht/types.go:512.28,513.33 1 1
github.com/fulgidus/libreseed/seeder/internal/dht/types.go:513.33,515.4 1 1
github.com/fulgidus/libreseed/seeder/internal/dht/types.go:517.2,517.12 1 1
github.com/fulgidus/libreseed/seeder/internal/dht/types.go:573.41,574.22 1 1
github.com/fulgidus/libreseed/seeder/internal/dht/types.go:574.22,576.3 1 1
github.com/fulgidus/libreseed/seeder/internal/dht/types.go:577.2,577.35 1 1
github.com/fulgidus/libreseed/seeder/internal/dht/types.go:577.35,579.3 1 0
github.com/fulgidus/libreseed/seeder/internal/dht/types.go:580.2,580.22 1 1
github.com/fulgidus/libreseed/seeder/internal/dht/types.go:580.22,582.3 1 1
github.com/fulgidus/libreseed/seeder/internal/dht/types.go:583.2,583.20 1 1
github.com/fulgidus/libreseed/seeder/internal/dht/types.go:583.20,585.3 1 1
github.com/fulgidus/libreseed/seeder/internal/dht/types.go:586.2,586.22 1 1
github.com/fulgidus/libreseed/seeder/internal/dht/types.go:586.22,588.3 1 1
github.com/fulgidus/libreseed/seeder/internal/dht/types.go:589.2,589.23 1 1
github.com/fulgidus/libreseed/seeder/internal/dht/types.go:589.23,591.3 1 1
github.com/fulgidus/libreseed/seeder/internal/dht/types.go:592.2,592.12 1 1
github.com/fulgidus/libreseed/seeder/internal/dht/types.go:597.54,619.2 2 1
github.com/fulgidus/libreseed/seeder/internal/dht/types.go:622.58,625.2 2 1
github.com/fulgidus/libreseed/seeder/internal/dht/types.go:629.51,633.16 2 1
github.com/fulgidus/libreseed/seeder/internal/dht/types.go:633.16,635.3 1 0
github.com/fulgidus/libreseed/seeder/internal/dht/types.go:638.2,639.49 2 1
github.com/fulgidus/libreseed/seeder/internal/dht/types.go:639.49,641.3 1 0
github.com/fulgidus/libreseed/seeder/internal/dht/types.go:643.2,643.25 1 1
